{"D:\\task\\projects\\src\\app.ts": {"path":"D:\\task\\projects\\src\\app.ts","statementMap":{"0":{"start":{"line":1,"column":14},"end":{"line":1,"column":32}},"1":{"start":{"line":2,"column":0},"end":{"line":2,"column":41}},"2":{"start":{"line":4,"column":12},"end":{"line":4,"column":21}},"3":{"start":{"line":9,"column":0},"end":{"line":9,"column":42}},"4":{"start":{"line":10,"column":0},"end":{"line":10,"column":31}},"5":{"start":{"line":11,"column":0},"end":{"line":11,"column":24}},"6":{"start":{"line":14,"column":0},"end":{"line":14,"column":50}},"7":{"start":{"line":15,"column":0},"end":{"line":15,"column":50}},"8":{"start":{"line":17,"column":15},"end":{"line":19,"column":2}},"9":{"start":{"line":20,"column":0},"end":{"line":20,"column":24}}},"fnMap":{"0":{"name":"(anonymous_6)","decl":{"start":{"line":17,"column":43},"end":{"line":17,"column":46}},"loc":{"start":{"line":17,"column":48},"end":{"line":19,"column":1}}}},"branchMap":{"0":{"loc":{"start":{"line":9,"column":16},"end":{"line":9,"column":32}},"type":"binary-expr","locations":[{"start":{"line":9,"column":16},"end":{"line":9,"column":32}},{"start":{"line":9,"column":36},"end":{"line":9,"column":40}}]}},"s":{"0":1,"1":1,"2":1,"3":1,"4":1,"5":1,"6":1,"7":1,"8":1,"9":1},"f":{"0":1},"b":{"0":[1,1]}}
,"D:\\task\\projects\\src\\home.ts": {"path":"D:\\task\\projects\\src\\home.ts","statementMap":{"0":{"start":{"line":7,"column":13},"end":{"line":22,"column":2}},"1":{"start":{"line":8,"column":29},"end":{"line":8,"column":35}},"2":{"start":{"line":9,"column":30},"end":{"line":9,"column":35}},"3":{"start":{"line":11,"column":2},"end":{"line":11,"column":20}},"4":{"start":{"line":12,"column":2},"end":{"line":21,"column":null}},"5":{"start":{"line":13,"column":24},"end":{"line":13,"column":37}},"6":{"start":{"line":14,"column":22},"end":{"line":14,"column":45}},"7":{"start":{"line":15,"column":2},"end":{"line":15,"column":63}},"8":{"start":{"line":16,"column":2},"end":{"line":16,"column":62}},"9":{"start":{"line":17,"column":2},"end":{"line":17,"column":55}},"10":{"start":{"line":20,"column":5},"end":{"line":20,"column":74}},"11":{"start":{"line":28,"column":13},"end":{"line":46,"column":2}},"12":{"start":{"line":29,"column":30},"end":{"line":29,"column":31}},"13":{"start":{"line":30,"column":25},"end":{"line":30,"column":28}},"14":{"start":{"line":31,"column":2},"end":{"line":31,"column":20}},"15":{"start":{"line":32,"column":1},"end":{"line":45,"column":null}},"16":{"start":{"line":33,"column":24},"end":{"line":33,"column":37}},"17":{"start":{"line":34,"column":22},"end":{"line":34,"column":45}},"18":{"start":{"line":35,"column":25},"end":{"line":35,"column":42}},"19":{"start":{"line":36,"column":2},"end":{"line":39,"column":44}},"20":{"start":{"line":40,"column":2},"end":{"line":40,"column":55}},"21":{"start":{"line":43,"column":5},"end":{"line":43,"column":20}},"22":{"start":{"line":44,"column":4},"end":{"line":44,"column":73}},"23":{"start":{"line":49,"column":24},"end":{"line":53,"column":4}},"24":{"start":{"line":54,"column":19},"end":{"line":54,"column":42}},"25":{"start":{"line":56,"column":2},"end":{"line":56,"column":56}},"26":{"start":{"line":57,"column":22},"end":{"line":57,"column":55}},"27":{"start":{"line":58,"column":2},"end":{"line":58,"column":29}},"28":{"start":{"line":59,"column":20},"end":{"line":59,"column":48}},"29":{"start":{"line":60,"column":2},"end":{"line":60,"column":62}},"30":{"start":{"line":61,"column":2},"end":{"line":61,"column":63}},"31":{"start":{"line":62,"column":2},"end":{"line":62,"column":24}},"32":{"start":{"line":63,"column":2},"end":{"line":63,"column":18}}},"fnMap":{"0":{"name":"(anonymous_0)","decl":{"start":{"line":7,"column":23},"end":{"line":7,"column":24}},"loc":{"start":{"line":7,"column":55},"end":{"line":22,"column":1}}},"1":{"name":"(anonymous_1)","decl":{"start":{"line":28,"column":23},"end":{"line":28,"column":24}},"loc":{"start":{"line":28,"column":55},"end":{"line":46,"column":1}}},"2":{"name":"extractStrData","decl":{"start":{"line":48,"column":9},"end":{"line":48,"column":23}},"loc":{"start":{"line":48,"column":39},"end":{"line":64,"column":1}}}},"branchMap":{},"s":{"0":1,"1":2,"2":2,"3":2,"4":2,"5":2,"6":2,"7":1,"8":1,"9":1,"10":1,"11":1,"12":2,"13":2,"14":2,"15":2,"16":2,"17":2,"18":1,"19":1,"20":1,"21":1,"22":1,"23":4,"24":4,"25":2,"26":2,"27":2,"28":2,"29":2,"30":2,"31":2,"32":2},"f":{"0":2,"1":2,"2":4},"b":{}}
}
